<?xml version="1.0" encoding="UTF-8"?>
<!-- Generated by org.testng.reporters.JUnitReportReporter -->
<testsuite hostname="7N12JR2" failures="0" tests="1" name="com.causeway.api.ReactiveJobsDB.ReactiveJobsDB" time="221.847" errors="0" timestamp="08 Jun 2020 12:36:30 GMT" skipped="0">
  <testcase classname="com.causeway.api.ReactiveJobsDB.ReactiveJobsDB" name="Test1" time="221.847"/>
</testsuite> <!-- com.causeway.api.ReactiveJobsDB.ReactiveJobsDB -->
