<?xml version="1.0" encoding="UTF-8"?>
<!-- Generated by org.testng.reporters.JUnitReportReporter -->
<testsuite hostname="7N12JR2" failures="0" tests="1" name="com.causeway.api.PlannedJobsDB.PlannedJobsDB" time="17.038" errors="0" timestamp="08 Jun 2020 12:36:30 GMT" skipped="0">
  <testcase classname="com.causeway.api.PlannedJobsDB.PlannedJobsDB" name="Test2" time="17.038"/>
</testsuite> <!-- com.causeway.api.PlannedJobsDB.PlannedJobsDB -->
